<?xml version="1.0" encoding="UTF-8"?>
<testng-results skipped="0" failed="0" total="23" passed="23">
  <reporter-output>
  </reporter-output>
  <suite name="Command line suite" duration-ms="6654" started-at="2018-06-20T14:24:40Z" finished-at="2018-06-20T14:24:46Z">
    <groups>
    </groups>
    <test name="Command line test" duration-ms="6654" started-at="2018-06-20T14:24:40Z" finished-at="2018-06-20T14:24:46Z">
      <class name="com.websystique.springmvc.controller.AppControllerTest">
        <test-method status="PASS" signature="setUp()[pri:0, instance:com.websystique.springmvc.controller.AppControllerTest@131276c2]" name="setUp" is-config="true" duration-ms="750" started-at="2018-06-20T19:54:40Z" finished-at="2018-06-20T19:54:40Z">
          <reporter-output>
          </reporter-output>
        </test-method> <!-- setUp -->
        <test-method status="PASS" signature="deleteEmployee()[pri:0, instance:com.websystique.springmvc.controller.AppControllerTest@131276c2]" name="deleteEmployee" duration-ms="31" started-at="2018-06-20T19:54:40Z" finished-at="2018-06-20T19:54:40Z">
          <reporter-output>
          </reporter-output>
        </test-method> <!-- deleteEmployee -->
        <test-method status="PASS" signature="editEmployee()[pri:0, instance:com.websystique.springmvc.controller.AppControllerTest@131276c2]" name="editEmployee" duration-ms="63" started-at="2018-06-20T19:54:40Z" finished-at="2018-06-20T19:54:41Z">
          <reporter-output>
          </reporter-output>
        </test-method> <!-- editEmployee -->
        <test-method status="PASS" signature="listEmployees()[pri:0, instance:com.websystique.springmvc.controller.AppControllerTest@131276c2]" name="listEmployees" duration-ms="31" started-at="2018-06-20T19:54:41Z" finished-at="2018-06-20T19:54:41Z">
          <reporter-output>
          </reporter-output>
        </test-method> <!-- listEmployees -->
        <test-method status="PASS" signature="saveEmployeeWithSuccess()[pri:0, instance:com.websystique.springmvc.controller.AppControllerTest@131276c2]" name="saveEmployeeWithSuccess" duration-ms="0" started-at="2018-06-20T19:54:41Z" finished-at="2018-06-20T19:54:41Z">
          <reporter-output>
          </reporter-output>
        </test-method> <!-- saveEmployeeWithSuccess -->
        <test-method status="PASS" signature="saveEmployeeWithValidationError()[pri:0, instance:com.websystique.springmvc.controller.AppControllerTest@131276c2]" name="saveEmployeeWithValidationError" duration-ms="0" started-at="2018-06-20T19:54:41Z" finished-at="2018-06-20T19:54:41Z">
          <reporter-output>
          </reporter-output>
        </test-method> <!-- saveEmployeeWithValidationError -->
        <test-method status="PASS" signature="newEmployee()[pri:0, instance:com.websystique.springmvc.controller.AppControllerTest@131276c2]" name="newEmployee" duration-ms="0" started-at="2018-06-20T19:54:41Z" finished-at="2018-06-20T19:54:41Z">
          <reporter-output>
          </reporter-output>
        </test-method> <!-- newEmployee -->
        <test-method status="PASS" signature="saveEmployeeWithValidationErrorNonUniqueSSN()[pri:0, instance:com.websystique.springmvc.controller.AppControllerTest@131276c2]" name="saveEmployeeWithValidationErrorNonUniqueSSN" duration-ms="0" started-at="2018-06-20T19:54:41Z" finished-at="2018-06-20T19:54:41Z">
          <reporter-output>
          </reporter-output>
        </test-method> <!-- saveEmployeeWithValidationErrorNonUniqueSSN -->
        <test-method status="PASS" signature="updateEmployeeWithSuccess()[pri:0, instance:com.websystique.springmvc.controller.AppControllerTest@131276c2]" name="updateEmployeeWithSuccess" duration-ms="16" started-at="2018-06-20T19:54:41Z" finished-at="2018-06-20T19:54:41Z">
          <reporter-output>
          </reporter-output>
        </test-method> <!-- updateEmployeeWithSuccess -->
        <test-method status="PASS" signature="updateEmployeeWithValidationError()[pri:0, instance:com.websystique.springmvc.controller.AppControllerTest@131276c2]" name="updateEmployeeWithValidationError" duration-ms="0" started-at="2018-06-20T19:54:41Z" finished-at="2018-06-20T19:54:41Z">
          <reporter-output>
          </reporter-output>
        </test-method> <!-- updateEmployeeWithValidationError -->
        <test-method status="PASS" signature="updateEmployeeWithValidationErrorNonUniqueSSN()[pri:0, instance:com.websystique.springmvc.controller.AppControllerTest@131276c2]" name="updateEmployeeWithValidationErrorNonUniqueSSN" duration-ms="0" started-at="2018-06-20T19:54:41Z" finished-at="2018-06-20T19:54:41Z">
          <reporter-output>
          </reporter-output>
        </test-method> <!-- updateEmployeeWithValidationErrorNonUniqueSSN -->
      </class> <!-- com.websystique.springmvc.controller.AppControllerTest -->
      <class name="com.websystique.springmvc.service.EmployeeServiceImplTest">
        <test-method status="PASS" signature="setUp()[pri:0, instance:com.websystique.springmvc.service.EmployeeServiceImplTest@7c29daf3]" name="setUp" is-config="true" duration-ms="0" started-at="2018-06-20T19:54:46Z" finished-at="2018-06-20T19:54:46Z">
          <reporter-output>
          </reporter-output>
        </test-method> <!-- setUp -->
        <test-method status="PASS" signature="deleteEmployeeBySsn()[pri:0, instance:com.websystique.springmvc.service.EmployeeServiceImplTest@7c29daf3]" name="deleteEmployeeBySsn" duration-ms="16" started-at="2018-06-20T19:54:46Z" finished-at="2018-06-20T19:54:46Z">
          <reporter-output>
          </reporter-output>
        </test-method> <!-- deleteEmployeeBySsn -->
        <test-method status="PASS" signature="findById()[pri:0, instance:com.websystique.springmvc.service.EmployeeServiceImplTest@7c29daf3]" name="findById" duration-ms="0" started-at="2018-06-20T19:54:46Z" finished-at="2018-06-20T19:54:46Z">
          <reporter-output>
          </reporter-output>
        </test-method> <!-- findById -->
        <test-method status="PASS" signature="findEmployeeBySsn()[pri:0, instance:com.websystique.springmvc.service.EmployeeServiceImplTest@7c29daf3]" name="findEmployeeBySsn" duration-ms="0" started-at="2018-06-20T19:54:46Z" finished-at="2018-06-20T19:54:46Z">
          <reporter-output>
          </reporter-output>
        </test-method> <!-- findEmployeeBySsn -->
        <test-method status="PASS" signature="saveEmployee()[pri:0, instance:com.websystique.springmvc.service.EmployeeServiceImplTest@7c29daf3]" name="saveEmployee" duration-ms="0" started-at="2018-06-20T19:54:46Z" finished-at="2018-06-20T19:54:46Z">
          <reporter-output>
          </reporter-output>
        </test-method> <!-- saveEmployee -->
        <test-method status="PASS" signature="isEmployeeSsnUnique()[pri:0, instance:com.websystique.springmvc.service.EmployeeServiceImplTest@7c29daf3]" name="isEmployeeSsnUnique" duration-ms="0" started-at="2018-06-20T19:54:46Z" finished-at="2018-06-20T19:54:46Z">
          <reporter-output>
          </reporter-output>
        </test-method> <!-- isEmployeeSsnUnique -->
        <test-method status="PASS" signature="updateEmployee()[pri:0, instance:com.websystique.springmvc.service.EmployeeServiceImplTest@7c29daf3]" name="updateEmployee" duration-ms="15" started-at="2018-06-20T19:54:46Z" finished-at="2018-06-20T19:54:46Z">
          <reporter-output>
          </reporter-output>
        </test-method> <!-- updateEmployee -->
        <test-method status="PASS" signature="findAllEmployees()[pri:0, instance:com.websystique.springmvc.service.EmployeeServiceImplTest@7c29daf3]" name="findAllEmployees" duration-ms="0" started-at="2018-06-20T19:54:46Z" finished-at="2018-06-20T19:54:46Z">
          <reporter-output>
          </reporter-output>
        </test-method> <!-- findAllEmployees -->
      </class> <!-- com.websystique.springmvc.service.EmployeeServiceImplTest -->
      <class name="com.websystique.springmvc.dao.EmployeeDaoImplTest">
        <test-method status="PASS" signature="springTestContextPrepareTestInstance()[pri:0, instance:com.websystique.springmvc.dao.EmployeeDaoImplTest@7f13d6e]" name="springTestContextPrepareTestInstance" is-config="true" duration-ms="4581" started-at="2018-06-20T19:54:41Z" depends-on-methods="org.springframework.test.context.testng.AbstractTestNGSpringContextTests.springTestContextBeforeTestClass" finished-at="2018-06-20T19:54:45Z">
          <reporter-output>
          </reporter-output>
        </test-method> <!-- springTestContextPrepareTestInstance -->
        <test-method status="PASS" signature="springTestContextBeforeTestClass()[pri:0, instance:com.websystique.springmvc.dao.EmployeeDaoImplTest@7f13d6e]" name="springTestContextBeforeTestClass" is-config="true" duration-ms="0" started-at="2018-06-20T19:54:41Z" finished-at="2018-06-20T19:54:41Z">
          <reporter-output>
          </reporter-output>
        </test-method> <!-- springTestContextBeforeTestClass -->
        <test-method status="PASS" signature="springTestContextBeforeTestMethod(java.lang.reflect.Method)[pri:0, instance:com.websystique.springmvc.dao.EmployeeDaoImplTest@7f13d6e]" name="springTestContextBeforeTestMethod" is-config="true" duration-ms="156" started-at="2018-06-20T19:54:45Z" finished-at="2018-06-20T19:54:45Z">
          <params>
            <param index="0">
              <value>
                <![CDATA[public void com.websystique.springmvc.dao.EmployeeDaoImplTest.deleteEmployeeByInvalidSsn()]]>
              </value>
            </param>
          </params>
          <reporter-output>
          </reporter-output>
        </test-method> <!-- springTestContextBeforeTestMethod -->
        <test-method status="PASS" signature="setUp()[pri:0, instance:com.websystique.springmvc.dao.EmployeeDaoImplTest@7f13d6e]" name="setUp" is-config="true" duration-ms="380" started-at="2018-06-20T19:54:45Z" finished-at="2018-06-20T19:54:46Z">
          <reporter-output>
          </reporter-output>
        </test-method> <!-- setUp -->
        <test-method status="PASS" signature="deleteEmployeeByInvalidSsn()[pri:0, instance:com.websystique.springmvc.dao.EmployeeDaoImplTest@7f13d6e]" name="deleteEmployeeByInvalidSsn" duration-ms="235" started-at="2018-06-20T19:54:46Z" finished-at="2018-06-20T19:54:46Z">
          <reporter-output>
          </reporter-output>
        </test-method> <!-- deleteEmployeeByInvalidSsn -->
        <test-method status="PASS" signature="springTestContextAfterTestMethod(java.lang.reflect.Method)[pri:0, instance:com.websystique.springmvc.dao.EmployeeDaoImplTest@7f13d6e]" name="springTestContextAfterTestMethod" is-config="true" duration-ms="28" started-at="2018-06-20T19:54:46Z" finished-at="2018-06-20T19:54:46Z">
          <params>
            <param index="0">
              <value>
                <![CDATA[public void com.websystique.springmvc.dao.EmployeeDaoImplTest.deleteEmployeeByInvalidSsn()]]>
              </value>
            </param>
          </params>
          <reporter-output>
          </reporter-output>
        </test-method> <!-- springTestContextAfterTestMethod -->
        <test-method status="PASS" signature="setUp()[pri:0, instance:com.websystique.springmvc.dao.EmployeeDaoImplTest@7f13d6e]" name="setUp" is-config="true" duration-ms="15" started-at="2018-06-20T19:54:46Z" finished-at="2018-06-20T19:54:46Z">
          <reporter-output>
          </reporter-output>
        </test-method> <!-- setUp -->
        <test-method status="PASS" signature="springTestContextBeforeTestMethod(java.lang.reflect.Method)[pri:0, instance:com.websystique.springmvc.dao.EmployeeDaoImplTest@7f13d6e]" name="springTestContextBeforeTestMethod" is-config="true" duration-ms="0" started-at="2018-06-20T19:54:46Z" finished-at="2018-06-20T19:54:46Z">
          <params>
            <param index="0">
              <value>
                <![CDATA[public void com.websystique.springmvc.dao.EmployeeDaoImplTest.deleteEmployeeBySsn()]]>
              </value>
            </param>
          </params>
          <reporter-output>
          </reporter-output>
        </test-method> <!-- springTestContextBeforeTestMethod -->
        <test-method status="PASS" signature="springTestContextAfterTestMethod(java.lang.reflect.Method)[pri:0, instance:com.websystique.springmvc.dao.EmployeeDaoImplTest@7f13d6e]" name="springTestContextAfterTestMethod" is-config="true" duration-ms="16" started-at="2018-06-20T19:54:46Z" finished-at="2018-06-20T19:54:46Z">
          <params>
            <param index="0">
              <value>
                <![CDATA[public void com.websystique.springmvc.dao.EmployeeDaoImplTest.deleteEmployeeBySsn()]]>
              </value>
            </param>
          </params>
          <reporter-output>
          </reporter-output>
        </test-method> <!-- springTestContextAfterTestMethod -->
        <test-method status="PASS" signature="deleteEmployeeBySsn()[pri:0, instance:com.websystique.springmvc.dao.EmployeeDaoImplTest@7f13d6e]" name="deleteEmployeeBySsn" duration-ms="0" started-at="2018-06-20T19:54:46Z" finished-at="2018-06-20T19:54:46Z">
          <reporter-output>
          </reporter-output>
        </test-method> <!-- deleteEmployeeBySsn -->
        <test-method status="PASS" signature="setUp()[pri:0, instance:com.websystique.springmvc.dao.EmployeeDaoImplTest@7f13d6e]" name="setUp" is-config="true" duration-ms="31" started-at="2018-06-20T19:54:46Z" finished-at="2018-06-20T19:54:46Z">
          <reporter-output>
          </reporter-output>
        </test-method> <!-- setUp -->
        <test-method status="PASS" signature="springTestContextBeforeTestMethod(java.lang.reflect.Method)[pri:0, instance:com.websystique.springmvc.dao.EmployeeDaoImplTest@7f13d6e]" name="springTestContextBeforeTestMethod" is-config="true" duration-ms="0" started-at="2018-06-20T19:54:46Z" finished-at="2018-06-20T19:54:46Z">
          <params>
            <param index="0">
              <value>
                <![CDATA[public void com.websystique.springmvc.dao.EmployeeDaoImplTest.findAllEmployees()]]>
              </value>
            </param>
          </params>
          <reporter-output>
          </reporter-output>
        </test-method> <!-- springTestContextBeforeTestMethod -->
        <test-method status="PASS" signature="springTestContextAfterTestMethod(java.lang.reflect.Method)[pri:0, instance:com.websystique.springmvc.dao.EmployeeDaoImplTest@7f13d6e]" name="springTestContextAfterTestMethod" is-config="true" duration-ms="16" started-at="2018-06-20T19:54:46Z" finished-at="2018-06-20T19:54:46Z">
          <params>
            <param index="0">
              <value>
                <![CDATA[public void com.websystique.springmvc.dao.EmployeeDaoImplTest.findAllEmployees()]]>
              </value>
            </param>
          </params>
          <reporter-output>
          </reporter-output>
        </test-method> <!-- springTestContextAfterTestMethod -->
        <test-method status="PASS" signature="findAllEmployees()[pri:0, instance:com.websystique.springmvc.dao.EmployeeDaoImplTest@7f13d6e]" name="findAllEmployees" duration-ms="0" started-at="2018-06-20T19:54:46Z" finished-at="2018-06-20T19:54:46Z">
          <reporter-output>
          </reporter-output>
        </test-method> <!-- findAllEmployees -->
        <test-method status="PASS" signature="springTestContextBeforeTestMethod(java.lang.reflect.Method)[pri:0, instance:com.websystique.springmvc.dao.EmployeeDaoImplTest@7f13d6e]" name="springTestContextBeforeTestMethod" is-config="true" duration-ms="15" started-at="2018-06-20T19:54:46Z" finished-at="2018-06-20T19:54:46Z">
          <params>
            <param index="0">
              <value>
                <![CDATA[public void com.websystique.springmvc.dao.EmployeeDaoImplTest.findById()]]>
              </value>
            </param>
          </params>
          <reporter-output>
          </reporter-output>
        </test-method> <!-- springTestContextBeforeTestMethod -->
        <test-method status="PASS" signature="setUp()[pri:0, instance:com.websystique.springmvc.dao.EmployeeDaoImplTest@7f13d6e]" name="setUp" is-config="true" duration-ms="16" started-at="2018-06-20T19:54:46Z" finished-at="2018-06-20T19:54:46Z">
          <reporter-output>
          </reporter-output>
        </test-method> <!-- setUp -->
        <test-method status="PASS" signature="findById()[pri:0, instance:com.websystique.springmvc.dao.EmployeeDaoImplTest@7f13d6e]" name="findById" duration-ms="31" started-at="2018-06-20T19:54:46Z" finished-at="2018-06-20T19:54:46Z">
          <reporter-output>
          </reporter-output>
        </test-method> <!-- findById -->
        <test-method status="PASS" signature="springTestContextAfterTestMethod(java.lang.reflect.Method)[pri:0, instance:com.websystique.springmvc.dao.EmployeeDaoImplTest@7f13d6e]" name="springTestContextAfterTestMethod" is-config="true" duration-ms="0" started-at="2018-06-20T19:54:46Z" finished-at="2018-06-20T19:54:46Z">
          <params>
            <param index="0">
              <value>
                <![CDATA[public void com.websystique.springmvc.dao.EmployeeDaoImplTest.findById()]]>
              </value>
            </param>
          </params>
          <reporter-output>
          </reporter-output>
        </test-method> <!-- springTestContextAfterTestMethod -->
        <test-method status="PASS" signature="springTestContextBeforeTestMethod(java.lang.reflect.Method)[pri:0, instance:com.websystique.springmvc.dao.EmployeeDaoImplTest@7f13d6e]" name="springTestContextBeforeTestMethod" is-config="true" duration-ms="16" started-at="2018-06-20T19:54:46Z" finished-at="2018-06-20T19:54:46Z">
          <params>
            <param index="0">
              <value>
                <![CDATA[public void com.websystique.springmvc.dao.EmployeeDaoImplTest.findEmployeeBySsn()]]>
              </value>
            </param>
          </params>
          <reporter-output>
          </reporter-output>
        </test-method> <!-- springTestContextBeforeTestMethod -->
        <test-method status="PASS" signature="setUp()[pri:0, instance:com.websystique.springmvc.dao.EmployeeDaoImplTest@7f13d6e]" name="setUp" is-config="true" duration-ms="31" started-at="2018-06-20T19:54:46Z" finished-at="2018-06-20T19:54:46Z">
          <reporter-output>
          </reporter-output>
        </test-method> <!-- setUp -->
        <test-method status="PASS" signature="findEmployeeBySsn()[pri:0, instance:com.websystique.springmvc.dao.EmployeeDaoImplTest@7f13d6e]" name="findEmployeeBySsn" duration-ms="16" started-at="2018-06-20T19:54:46Z" finished-at="2018-06-20T19:54:46Z">
          <reporter-output>
          </reporter-output>
        </test-method> <!-- findEmployeeBySsn -->
        <test-method status="PASS" signature="springTestContextAfterTestMethod(java.lang.reflect.Method)[pri:0, instance:com.websystique.springmvc.dao.EmployeeDaoImplTest@7f13d6e]" name="springTestContextAfterTestMethod" is-config="true" duration-ms="15" started-at="2018-06-20T19:54:46Z" finished-at="2018-06-20T19:54:46Z">
          <params>
            <param index="0">
              <value>
                <![CDATA[public void com.websystique.springmvc.dao.EmployeeDaoImplTest.findEmployeeBySsn()]]>
              </value>
            </param>
          </params>
          <reporter-output>
          </reporter-output>
        </test-method> <!-- springTestContextAfterTestMethod -->
        <test-method status="PASS" signature="setUp()[pri:0, instance:com.websystique.springmvc.dao.EmployeeDaoImplTest@7f13d6e]" name="setUp" is-config="true" duration-ms="47" started-at="2018-06-20T19:54:46Z" finished-at="2018-06-20T19:54:46Z">
          <reporter-output>
          </reporter-output>
        </test-method> <!-- setUp -->
        <test-method status="PASS" signature="springTestContextBeforeTestMethod(java.lang.reflect.Method)[pri:0, instance:com.websystique.springmvc.dao.EmployeeDaoImplTest@7f13d6e]" name="springTestContextBeforeTestMethod" is-config="true" duration-ms="0" started-at="2018-06-20T19:54:46Z" finished-at="2018-06-20T19:54:46Z">
          <params>
            <param index="0">
              <value>
                <![CDATA[public void com.websystique.springmvc.dao.EmployeeDaoImplTest.saveEmployee()]]>
              </value>
            </param>
          </params>
          <reporter-output>
          </reporter-output>
        </test-method> <!-- springTestContextBeforeTestMethod -->
        <test-method status="PASS" signature="saveEmployee()[pri:0, instance:com.websystique.springmvc.dao.EmployeeDaoImplTest@7f13d6e]" name="saveEmployee" duration-ms="31" started-at="2018-06-20T19:54:46Z" finished-at="2018-06-20T19:54:46Z">
          <reporter-output>
          </reporter-output>
        </test-method> <!-- saveEmployee -->
        <test-method status="PASS" signature="springTestContextAfterTestMethod(java.lang.reflect.Method)[pri:0, instance:com.websystique.springmvc.dao.EmployeeDaoImplTest@7f13d6e]" name="springTestContextAfterTestMethod" is-config="true" duration-ms="16" started-at="2018-06-20T19:54:46Z" finished-at="2018-06-20T19:54:46Z">
          <params>
            <param index="0">
              <value>
                <![CDATA[public void com.websystique.springmvc.dao.EmployeeDaoImplTest.saveEmployee()]]>
              </value>
            </param>
          </params>
          <reporter-output>
          </reporter-output>
        </test-method> <!-- springTestContextAfterTestMethod -->
        <test-method status="PASS" signature="springTestContextAfterTestClass()[pri:0, instance:com.websystique.springmvc.dao.EmployeeDaoImplTest@7f13d6e]" name="springTestContextAfterTestClass" is-config="true" duration-ms="0" started-at="2018-06-20T19:54:46Z" finished-at="2018-06-20T19:54:46Z">
          <reporter-output>
          </reporter-output>
        </test-method> <!-- springTestContextAfterTestClass -->
      </class> <!-- com.websystique.springmvc.dao.EmployeeDaoImplTest -->
    </test> <!-- Command line test -->
  </suite> <!-- Command line suite -->
</testng-results>
